  Linked_list_project.cpp
C:\Users\asoom\OneDrive\Desktop\Linked_list_project\Linked_list_project\Student.cpp(4,1): error C2011: 'Student': 'class' type redefinition
C:\Users\asoom\OneDrive\Desktop\Linked_list_project\Linked_list_project\Student.cpp(3,7): message : see declaration of 'Student'
C:\Users\asoom\OneDrive\Desktop\Linked_list_project\Linked_list_project\Node.h(5,1): error C2011: 'Node': 'class' type redefinition
C:\Users\asoom\OneDrive\Desktop\Linked_list_project\Linked_list_project\Node.cpp(4,7): message : see declaration of 'Node'
C:\Users\asoom\OneDrive\Desktop\Linked_list_project\Linked_list_project\List.cpp(28,1): error C2027: use of undefined type 'Node'
C:\Users\asoom\OneDrive\Desktop\Linked_list_project\Linked_list_project\Node.cpp(4,7): message : see declaration of 'Node'
C:\Users\asoom\OneDrive\Desktop\Linked_list_project\Linked_list_project\List.cpp(37,1): error C2027: use of undefined type 'Node'
C:\Users\asoom\OneDrive\Desktop\Linked_list_project\Linked_list_project\Node.cpp(4,7): message : see declaration of 'Node'
C:\Users\asoom\OneDrive\Desktop\Linked_list_project\Linked_list_project\List.cpp(39,1): error C2027: use of undefined type 'Node'
C:\Users\asoom\OneDrive\Desktop\Linked_list_project\Linked_list_project\Node.cpp(4,7): message : see declaration of 'Node'
C:\Users\asoom\OneDrive\Desktop\Linked_list_project\Linked_list_project\List.cpp(41,1): error C2027: use of undefined type 'Node'
C:\Users\asoom\OneDrive\Desktop\Linked_list_project\Linked_list_project\Node.cpp(4,7): message : see declaration of 'Node'
C:\Users\asoom\OneDrive\Desktop\Linked_list_project\Linked_list_project\List.cpp(54,1): error C2027: use of undefined type 'Node'
C:\Users\asoom\OneDrive\Desktop\Linked_list_project\Linked_list_project\Node.cpp(4,7): message : see declaration of 'Node'
C:\Users\asoom\OneDrive\Desktop\Linked_list_project\Linked_list_project\List.cpp(58,1): error C2027: use of undefined type 'Node'
C:\Users\asoom\OneDrive\Desktop\Linked_list_project\Linked_list_project\Node.cpp(4,7): message : see declaration of 'Node'
C:\Users\asoom\OneDrive\Desktop\Linked_list_project\Linked_list_project\List.cpp(62,1): error C2027: use of undefined type 'Node'
C:\Users\asoom\OneDrive\Desktop\Linked_list_project\Linked_list_project\Node.cpp(4,7): message : see declaration of 'Node'
C:\Users\asoom\OneDrive\Desktop\Linked_list_project\Linked_list_project\List.cpp(70,1): error C2027: use of undefined type 'Node'
C:\Users\asoom\OneDrive\Desktop\Linked_list_project\Linked_list_project\Node.cpp(4,7): message : see declaration of 'Node'
C:\Users\asoom\OneDrive\Desktop\Linked_list_project\Linked_list_project\List.cpp(89,1): error C2027: use of undefined type 'Node'
C:\Users\asoom\OneDrive\Desktop\Linked_list_project\Linked_list_project\Node.cpp(4,7): message : see declaration of 'Node'
C:\Users\asoom\OneDrive\Desktop\Linked_list_project\Linked_list_project\List.cpp(90,1): error C2027: use of undefined type 'Node'
C:\Users\asoom\OneDrive\Desktop\Linked_list_project\Linked_list_project\Node.cpp(4,7): message : see declaration of 'Node'
C:\Users\asoom\OneDrive\Desktop\Linked_list_project\Linked_list_project\List.cpp(91,1): error C2027: use of undefined type 'Node'
C:\Users\asoom\OneDrive\Desktop\Linked_list_project\Linked_list_project\Node.cpp(4,7): message : see declaration of 'Node'
C:\Users\asoom\OneDrive\Desktop\Linked_list_project\Linked_list_project\List.cpp(92,1): error C2027: use of undefined type 'Node'
C:\Users\asoom\OneDrive\Desktop\Linked_list_project\Linked_list_project\Node.cpp(4,7): message : see declaration of 'Node'
C:\Users\asoom\OneDrive\Desktop\Linked_list_project\Linked_list_project\List.cpp(93,1): error C2027: use of undefined type 'Node'
C:\Users\asoom\OneDrive\Desktop\Linked_list_project\Linked_list_project\Node.cpp(4,7): message : see declaration of 'Node'
C:\Users\asoom\OneDrive\Desktop\Linked_list_project\Linked_list_project\List.cpp(94,1): error C2027: use of undefined type 'Node'
C:\Users\asoom\OneDrive\Desktop\Linked_list_project\Linked_list_project\Node.cpp(4,7): message : see declaration of 'Node'
C:\Users\asoom\OneDrive\Desktop\Linked_list_project\Linked_list_project\List.cpp(95,1): error C2027: use of undefined type 'Node'
C:\Users\asoom\OneDrive\Desktop\Linked_list_project\Linked_list_project\Node.cpp(4,7): message : see declaration of 'Node'
C:\Users\asoom\OneDrive\Desktop\Linked_list_project\Linked_list_project\List.cpp(96,1): error C2027: use of undefined type 'Node'
C:\Users\asoom\OneDrive\Desktop\Linked_list_project\Linked_list_project\Node.cpp(4,7): message : see declaration of 'Node'
C:\Users\asoom\OneDrive\Desktop\Linked_list_project\Linked_list_project\List.cpp(97,1): error C2027: use of undefined type 'Node'
C:\Users\asoom\OneDrive\Desktop\Linked_list_project\Linked_list_project\Node.cpp(4,7): message : see declaration of 'Node'
C:\Users\asoom\OneDrive\Desktop\Linked_list_project\Linked_list_project\List.cpp(98,1): error C2027: use of undefined type 'Node'
C:\Users\asoom\OneDrive\Desktop\Linked_list_project\Linked_list_project\Node.cpp(4,7): message : see declaration of 'Node'
C:\Users\asoom\OneDrive\Desktop\Linked_list_project\Linked_list_project\List.cpp(117,1): error C2027: use of undefined type 'Node'
C:\Users\asoom\OneDrive\Desktop\Linked_list_project\Linked_list_project\Node.cpp(4,7): message : see declaration of 'Node'
C:\Users\asoom\OneDrive\Desktop\Linked_list_project\Linked_list_project\List.cpp(121,1): error C2027: use of undefined type 'Node'
C:\Users\asoom\OneDrive\Desktop\Linked_list_project\Linked_list_project\Node.cpp(4,7): message : see declaration of 'Node'
C:\Users\asoom\OneDrive\Desktop\Linked_list_project\Linked_list_project\List.cpp(137,1): error C2027: use of undefined type 'Node'
C:\Users\asoom\OneDrive\Desktop\Linked_list_project\Linked_list_project\Node.cpp(4,7): message : see declaration of 'Node'
C:\Users\asoom\OneDrive\Desktop\Linked_list_project\Linked_list_project\List.cpp(141,1): error C2027: use of undefined type 'Node'
C:\Users\asoom\OneDrive\Desktop\Linked_list_project\Linked_list_project\Node.cpp(4,7): message : see declaration of 'Node'
C:\Users\asoom\OneDrive\Desktop\Linked_list_project\Linked_list_project\List.cpp(143,1): error C2027: use of undefined type 'Node'
C:\Users\asoom\OneDrive\Desktop\Linked_list_project\Linked_list_project\Node.cpp(4,7): message : see declaration of 'Node'
C:\Users\asoom\OneDrive\Desktop\Linked_list_project\Linked_list_project\List.cpp(144,1): error C2027: use of undefined type 'Node'
C:\Users\asoom\OneDrive\Desktop\Linked_list_project\Linked_list_project\Node.cpp(4,7): message : see declaration of 'Node'
C:\Users\asoom\OneDrive\Desktop\Linked_list_project\Linked_list_project\List.cpp(153,1): error C2027: use of undefined type 'Node'
C:\Users\asoom\OneDrive\Desktop\Linked_list_project\Linked_list_project\Node.cpp(4,7): message : see declaration of 'Node'
C:\Users\asoom\OneDrive\Desktop\Linked_list_project\Linked_list_project\Linked_list_project.cpp(9,32): error C2027: use of undefined type 'Student'
C:\Users\asoom\OneDrive\Desktop\Linked_list_project\Linked_list_project\Student.h(3,7): message : see declaration of 'Student'
C:\Users\asoom\OneDrive\Desktop\Linked_list_project\Linked_list_project\Linked_list_project.cpp(16,6): error C2027: use of undefined type 'Student'
C:\Users\asoom\OneDrive\Desktop\Linked_list_project\Linked_list_project\Student.h(3,7): message : see declaration of 'Student'
C:\Users\asoom\OneDrive\Desktop\Linked_list_project\Linked_list_project\Linked_list_project.cpp(19,6): error C2027: use of undefined type 'Student'
C:\Users\asoom\OneDrive\Desktop\Linked_list_project\Linked_list_project\Student.h(3,7): message : see declaration of 'Student'
C:\Users\asoom\OneDrive\Desktop\Linked_list_project\Linked_list_project\Linked_list_project.cpp(22,6): error C2027: use of undefined type 'Student'
C:\Users\asoom\OneDrive\Desktop\Linked_list_project\Linked_list_project\Student.h(3,7): message : see declaration of 'Student'
C:\Users\asoom\OneDrive\Desktop\Linked_list_project\Linked_list_project\Linked_list_project.cpp(25,6): error C2027: use of undefined type 'Student'
C:\Users\asoom\OneDrive\Desktop\Linked_list_project\Linked_list_project\Student.h(3,7): message : see declaration of 'Student'
C:\Users\asoom\OneDrive\Desktop\Linked_list_project\Linked_list_project\Linked_list_project.cpp(28,6): error C2027: use of undefined type 'Student'
C:\Users\asoom\OneDrive\Desktop\Linked_list_project\Linked_list_project\Student.h(3,7): message : see declaration of 'Student'
C:\Users\asoom\OneDrive\Desktop\Linked_list_project\Linked_list_project\Linked_list_project.cpp(31,6): error C2027: use of undefined type 'Student'
C:\Users\asoom\OneDrive\Desktop\Linked_list_project\Linked_list_project\Student.h(3,7): message : see declaration of 'Student'
C:\Users\asoom\OneDrive\Desktop\Linked_list_project\Linked_list_project\Linked_list_project.cpp(34,6): error C2027: use of undefined type 'Student'
C:\Users\asoom\OneDrive\Desktop\Linked_list_project\Linked_list_project\Student.h(3,7): message : see declaration of 'Student'
  List.cpp
  Student.cpp
  Generating Code...
